{"meta": {"format": 3, "version": "7.13.4", "timestamp": "2026-02-22T06:59:10.009727", "branch_coverage": false, "show_contexts": false}, "files": {"src/core/embedding_service.py": {"executed_lines": [8, 9, 10, 13, 21, 29, 31, 44, 45, 46, 50, 70, 71, 74, 75, 77, 80, 83, 84, 88, 90, 91, 92, 93, 94, 95, 96, 98, 99, 101, 103, 113, 116, 117, 118, 119, 121], "summary": {"covered_lines": 37, "num_statements": 40, "percent_covered": 92.5, "percent_covered_display": "92", "missing_lines": 3, "excluded_lines": 0, "percent_statements_covered": 92.5, "percent_statements_covered_display": "92"}, "missing_lines": [47, 48, 114], "excluded_lines": [], "functions": {"EmbeddingService.__init__": {"executed_lines": [29], "summary": {"covered_lines": 1, "num_statements": 1, "percent_covered": 100.0, "percent_covered_display": "100", "missing_lines": 0, "excluded_lines": 0, "percent_statements_covered": 100.0, "percent_statements_covered_display": "100"}, "missing_lines": [], "excluded_lines": [], "start_line": 21}, "EmbeddingService.embed_text": {"executed_lines": [44, 45, 46], "summary": {"covered_lines": 3, "num_statements": 5, "percent_covered": 60.0, "percent_covered_display": "60", "missing_lines": 2, "excluded_lines": 0, "percent_statements_covered": 60.0, "percent_statements_covered_display": "60"}, "missing_lines": [47, 48], "excluded_lines": [], "start_line": 31}, "EmbeddingService.generate_embedding": {"executed_lines": [70, 71, 74, 75, 77, 80, 83, 84, 88, 90, 91, 92, 93, 94, 95, 96, 98, 99, 101], "summary": {"covered_lines": 19, "num_statements": 19, "percent_covered": 100.0, "percent_covered_display": "100", "missing_lines": 0, "excluded_lines": 0, "percent_statements_covered": 100.0, "percent_statements_covered_display": "100"}, "missing_lines": [], "excluded_lines": [], "start_line": 50}, "EmbeddingService.embed_batch": {"executed_lines": [113, 116, 117, 118, 119, 121], "summary": {"covered_lines": 6, "num_statements": 7, "percent_covered": 85.71428571428571, "percent_covered_display": "86", "missing_lines": 1, "excluded_lines": 0, "percent_statements_covered": 85.71428571428571, "percent_statements_covered_display": "86"}, "missing_lines": [114], "excluded_lines": [], "start_line": 103}, "": {"executed_lines": [8, 9, 10, 13, 21, 31, 50, 103], "summary": {"covered_lines": 8, "num_statements": 8, "percent_covered": 100.0, "percent_covered_display": "100", "missing_lines": 0, "excluded_lines": 0, "percent_statements_covered": 100.0, "percent_statements_covered_display": "100"}, "missing_lines": [], "excluded_lines": [], "start_line": 1}}, "classes": {"EmbeddingService": {"executed_lines": [29, 44, 45, 46, 70, 71, 74, 75, 77, 80, 83, 84, 88, 90, 91, 92, 93, 94, 95, 96, 98, 99, 101, 113, 116, 117, 118, 119, 121], "summary": {"covered_lines": 29, "num_statements": 32, "percent_covered": 90.625, "percent_covered_display": "91", "missing_lines": 3, "excluded_lines": 0, "percent_statements_covered": 90.625, "percent_statements_covered_display": "91"}, "missing_lines": [47, 48, 114], "excluded_lines": [], "start_line": 13}, "": {"executed_lines": [8, 9, 10, 13, 21, 31, 50, 103], "summary": {"covered_lines": 8, "num_statements": 8, "percent_covered": 100.0, "percent_covered_display": "100", "missing_lines": 0, "excluded_lines": 0, "percent_statements_covered": 100.0, "percent_statements_covered_display": "100"}, "missing_lines": [], "excluded_lines": [], "start_line": 1}}}}, "totals": {"covered_lines": 37, "num_statements": 40, "percent_covered": 92.5, "percent_covered_display": "92", "missing_lines": 3, "excluded_lines": 0, "percent_statements_covered": 92.5, "percent_statements_covered_display": "92"}}