============================= test session starts ==============================
platform linux -- Python 3.12.3, pytest-9.0.2, pluggy-1.6.0 -- /home/johnlane/projects/structured-achievement-tool/venv/bin/python3
cachedir: .pytest_cache
rootdir: /home/johnlane/projects/structured-achievement-tool
configfile: pyproject.toml
plugins: anyio-4.12.1, asyncio-1.3.0, cov-7.0.0, langsmith-0.7.6
asyncio: mode=Mode.STRICT, debug=False, asyncio_default_fixture_loop_scope=None, asyncio_default_test_loop_scope=function
collecting ... collected 24 items

tests/test_US-008_grafana_setup.py::TestGrafanaSetupClass::test_init_reads_api_key_from_env_var PASSED [  4%]
tests/test_US-008_grafana_setup.py::TestGrafanaSetupClass::test_init_raises_error_when_api_key_not_set PASSED [  8%]
tests/test_US-008_grafana_setup.py::TestGrafanaSetupClass::test_init_accepts_api_key_from_argument PASSED [ 12%]
tests/test_US-008_grafana_setup.py::TestGrafanaSetupClass::test_init_with_dry_run_flag PASSED [ 16%]
tests/test_US-008_grafana_setup.py::TestGrafanaSetupClass::test_init_without_dry_run_flag PASSED [ 20%]
tests/test_US-008_grafana_setup.py::TestGrafanaSetupClass::test_check_dashboard_exists_returns_true_when_exists PASSED [ 25%]
tests/test_US-008_grafana_setup.py::TestGrafanaSetupClass::test_check_dashboard_exists_returns_false_when_not_found PASSED [ 29%]
tests/test_US-008_grafana_setup.py::TestGrafanaSetupClass::test_update_dashboard_in_dry_run_mode FAILED [ 33%]
tests/test_US-008_grafana_setup.py::TestGrafanaSetupClass::test_update_dashboard_in_production_mode PASSED [ 37%]
tests/test_US-008_grafana_setup.py::TestGrafanaSetupClass::test_create_dashboard_in_dry_run_mode FAILED [ 41%]
tests/test_US-008_grafana_setup.py::TestGrafanaSetupClass::test_create_dashboard_in_production_mode PASSED [ 45%]
tests/test_US-008_grafana_setup.py::TestGrafanaSetupClass::test_setup_dashboard_creates_dashboard_structure FAILED [ 50%]
tests/test_US-008_grafana_setup.py::TestGrafanaSetupClass::test_setup_dashboard_with_custom_panels FAILED [ 54%]
tests/test_US-008_grafana_setup.py::TestGrafanaSetupClass::test_setup_dashboard_with_custom_options FAILED [ 58%]
tests/test_US-008_grafana_setup.py::TestGrafanaSetupClass::test_setup_dashboard_with_datasource FAILED [ 62%]
tests/test_US-008_grafana_setup.py::TestGrafanaSetupClass::test_setup_dashboard_validates_uid PASSED [ 66%]
tests/test_US-008_grafana_setup.py::TestGrafanaSetupClass::test_setup_dashboard_validates_name PASSED [ 70%]
tests/test_US-008_grafana_setup.py::TestGrafanaSetupClass::test_setup_dashboard_idempotent_same_uid FAILED [ 75%]
tests/test_US-008_grafana_setup.py::TestGrafanaSetupClass::test_setup_dashboard_idempotent_different_implementation FAILED [ 79%]
tests/test_US-008_grafana_setup.py::TestGrafanaSetupClass::test_setup_dashboard_saves_to_file FAILED [ 83%]
tests/test_US-008_grafana_setup.py::TestGrafanaSetupCLI::test_main_help 